<?xml version="1.0" encoding="UTF-8"?>
<!-- Generated by org.testng.reporters.JUnitReportReporter -->
<testsuite skipped="0" hostname="Swarna" name="com.MakemyTripApp.tests.TC_MakeMyTrip" tests="1" failures="0" timestamp="2020-09-20T16:05:51 IST" time="14.821" errors="0">
  <testcase name="bookFlight" time="14.821" classname="com.MakemyTripApp.tests.TC_MakeMyTrip"/>
  <system-out/>
</testsuite> <!-- com.MakemyTripApp.tests.TC_MakeMyTrip -->
